0 info it worked if it ends with ok
1 verbose cli [ '/usr/bin/nodejs', '/usr/bin/npm', 'rebuild', 'node-sass' ]
2 info using npm@3.10.8
3 info using node@v6.9.1
4 info readInstalled object
5 verbose rebuild path, id [ '/home/vagrant/Code/laravel/quickstart/node_modules/node-sass',
5 verbose rebuild   'node-sass@3.13.1' ]
6 silly rebuild set [ '/home/vagrant/Code/laravel/quickstart/node_modules/node-sass' ]
7 info build /home/vagrant/Code/laravel/quickstart/node_modules/node-sass
8 info lifecycle node-sass@3.13.1~preinstall: node-sass@3.13.1
9 silly lifecycle node-sass@3.13.1~preinstall: no script for preinstall, continuing
10 info linkStuff node-sass@3.13.1
11 silly linkStuff node-sass@3.13.1 has /home/vagrant/Code/laravel/quickstart/node_modules as its parent node_modules
12 verbose linkBins node-sass@3.13.1
13 verbose link bins [ { 'node-sass': 'bin/node-sass' },
13 verbose link bins   '/home/vagrant/Code/laravel/quickstart/node_modules/.bin',
13 verbose link bins   false ]
14 verbose linkMans node-sass@3.13.1
15 verbose rebuildBundles node-sass@3.13.1
16 verbose rebuildBundles [ 'caseless', 'gaze', 'glob', 'har-validator', 'qs', 'request' ]
17 verbose rebuild bundle /home/vagrant/Code/laravel/quickstart/node_modules/node-sass/node_modules/caseless
18 info build /home/vagrant/Code/laravel/quickstart/node_modules/node-sass/node_modules/caseless
19 silly gentlyRm /home/vagrant/Code/laravel/quickstart/node_modules/.bin/node-sass is being purged
20 verbose gentlyRm don't care about contents; nuking /home/vagrant/Code/laravel/quickstart/node_modules/.bin/node-sass
21 info lifecycle caseless@0.12.0~preinstall: caseless@0.12.0
22 silly lifecycle caseless@0.12.0~preinstall: no script for preinstall, continuing
23 info linkStuff caseless@0.12.0
24 silly linkStuff caseless@0.12.0 has /home/vagrant/Code/laravel/quickstart/node_modules/node-sass/node_modules as its parent node_modules
25 verbose linkBins caseless@0.12.0
26 verbose linkMans caseless@0.12.0
27 verbose rebuildBundles caseless@0.12.0
28 info lifecycle caseless@0.12.0~install: caseless@0.12.0
29 silly lifecycle caseless@0.12.0~install: no script for install, continuing
30 info lifecycle caseless@0.12.0~postinstall: caseless@0.12.0
31 silly lifecycle caseless@0.12.0~postinstall: no script for postinstall, continuing
32 verbose rebuild bundle /home/vagrant/Code/laravel/quickstart/node_modules/node-sass/node_modules/har-validator
33 info build /home/vagrant/Code/laravel/quickstart/node_modules/node-sass/node_modules/har-validator
34 info lifecycle har-validator@4.2.1~preinstall: har-validator@4.2.1
35 silly lifecycle har-validator@4.2.1~preinstall: no script for preinstall, continuing
36 info linkStuff har-validator@4.2.1
37 silly linkStuff har-validator@4.2.1 has /home/vagrant/Code/laravel/quickstart/node_modules/node-sass/node_modules as its parent node_modules
38 verbose linkBins har-validator@4.2.1
39 verbose linkMans har-validator@4.2.1
40 verbose rebuildBundles har-validator@4.2.1
41 info lifecycle har-validator@4.2.1~install: har-validator@4.2.1
42 silly lifecycle har-validator@4.2.1~install: no script for install, continuing
43 info lifecycle har-validator@4.2.1~postinstall: har-validator@4.2.1
44 silly lifecycle har-validator@4.2.1~postinstall: no script for postinstall, continuing
45 verbose rebuild bundle /home/vagrant/Code/laravel/quickstart/node_modules/node-sass/node_modules/qs
46 info build /home/vagrant/Code/laravel/quickstart/node_modules/node-sass/node_modules/qs
47 info lifecycle qs@6.4.0~preinstall: qs@6.4.0
48 silly lifecycle qs@6.4.0~preinstall: no script for preinstall, continuing
49 info linkStuff qs@6.4.0
50 silly linkStuff qs@6.4.0 has /home/vagrant/Code/laravel/quickstart/node_modules/node-sass/node_modules as its parent node_modules
51 verbose linkBins qs@6.4.0
52 verbose linkMans qs@6.4.0
53 verbose rebuildBundles qs@6.4.0
54 info lifecycle qs@6.4.0~install: qs@6.4.0
55 silly lifecycle qs@6.4.0~install: no script for install, continuing
56 info lifecycle qs@6.4.0~postinstall: qs@6.4.0
57 silly lifecycle qs@6.4.0~postinstall: no script for postinstall, continuing
58 verbose stack Error: EPROTO: protocol error, symlink '../node-sass/bin/node-sass' -> '/home/vagrant/Code/laravel/quickstart/node_modules/.bin/node-sass'
58 verbose stack     at Error (native)
59 verbose cwd /home/vagrant/Code/laravel/quickstart
60 error Linux 4.4.0-51-generic
61 error argv "/usr/bin/nodejs" "/usr/bin/npm" "rebuild" "node-sass"
62 error node v6.9.1
63 error npm  v3.10.8
64 error path ../node-sass/bin/node-sass
65 error code EPROTO
66 error errno -71
67 error syscall symlink
68 error EPROTO: protocol error, symlink '../node-sass/bin/node-sass' -> '/home/vagrant/Code/laravel/quickstart/node_modules/.bin/node-sass'
69 error If you need help, you may report this error at:
69 error     <https://github.com/npm/npm/issues>
70 verbose exit [ -71, true ]
